<?xml version="1.0" encoding="UTF-8"?>
<testsuites name="Regression Test" time="11.635" tests="4" failures="0" errors="0">
   <testsuite name="Regression Test" tests="4" failures="0" errors="0" time="11.635" skipped="0" timestamp="2023-07-13 00:30:41" hostname="User - DESKTOP-JITODFF" id="Test Suites/Regression Test">
      <properties>
         <property name="deviceName" value=""/>
         <property name="devicePlatform" value=""/>
         <property name="logFolder" value="C:\\Users\\User\\git\\Katalon-ReqresAPI-Testing\\Reports\\20230713_003036\\Regression Test\\20230713_003037"/>
         <property name="logFiles" value="C:\\Users\\User\\git\\Katalon-ReqresAPI-Testing\\Reports\\20230713_003036\\Regression Test\\20230713_003037\\execution0.log"/>
         <property name="attachments" value=""/>
         <property name="hostName" value="User - DESKTOP-JITODFF"/>
         <property name="hostAddress" value="192.168.1.36"/>
         <property name="os" value="Windows 10 64bit"/>
         <property name="katalonVersion" value="8.6.5.208"/>
      </properties>
      <testcase name="Test Cases/Test Validation Get List User" time="5.638" classname="Test Cases/Test Validation Get List User" status="PASSED">
         <system-out><![CDATA[2023-07-13 00:30:42 - [TEST_CASE][PASSED] - Test Cases/Test Validation Get List User: Test Cases/Test Validation Get List User

2023-07-13 00:30:42 - [TEST_STEP][PASSED] - sendRequest(findTestObject("GET/GET List User")): Send request successfully

2023-07-13 00:30:45 - [MESSAGE][INFO] - HAR: C:\Users\User\git\Katalon-ReqresAPI-Testing\Reports\20230713_003036\Regression Test\20230713_003037\requests\main\0.har

2023-07-13 00:30:45 - [MESSAGE][PASSED] - Send request successfully

2023-07-13 00:30:45 - [TEST_STEP][PASSED] - response = sendRequestAndVerify(findTestObject("GET/GET List User")): Send request and verify the response successfully

2023-07-13 00:30:46 - [MESSAGE][INFO] - HAR: C:\Users\User\git\Katalon-ReqresAPI-Testing\Reports\20230713_003036\Regression Test\20230713_003037\requests\main\1.har

2023-07-13 00:30:46 - [TEST_CASE][PASSED] - Start Test Case : Verification: Verification accomplished successfully

2023-07-13 00:30:47 - [TEST_STEP][PASSED] - request = getInstance().getCurrentRequest(): null

2023-07-13 00:30:47 - [TEST_STEP][PASSED] - response = getInstance().getCurrentResponse(): null

2023-07-13 00:30:47 - [TEST_STEP][PASSED] - verifyResponseStatusCode(response, 200): Verify response status code successfully

2023-07-13 00:30:47 - [MESSAGE][PASSED] - Verify response status code successfully

2023-07-13 00:30:47 - [TEST_STEP][PASSED] - getStatusCode()).isEqualTo(200): null

2023-07-13 00:30:47 - [TEST_STEP][PASSED] - getStatusCode()).isIn(Arrays.asList(200, 201, 202)): null

2023-07-13 00:30:47 - [TEST_STEP][PASSED] - verifyElementPropertyValue(response, "data[3].first_name", "Eve"): Verify element property value successfully

2023-07-13 00:30:47 - [MESSAGE][PASSED] - Verify element property value successfully

2023-07-13 00:30:47 - [MESSAGE][PASSED] - Verify response successfully

2023-07-13 00:30:47 - [MESSAGE][PASSED] - All validation steps have been passed

2023-07-13 00:30:47 - [MESSAGE][PASSED] - Send request and verify the response successfully

2023-07-13 00:30:47 - [TEST_STEP][PASSED] - verifyResponseStatusCode(response, 200): Verify response status code successfully

2023-07-13 00:30:47 - [MESSAGE][PASSED] - Verify response status code successfully

2023-07-13 00:30:47 - [TEST_STEP][PASSED] - verifyElementsCount(response, "data.first_name", 6): Verify element count successfully

2023-07-13 00:30:47 - [MESSAGE][PASSED] - Verify element count successfully

2023-07-13 00:30:47 - [TEST_STEP][PASSED] - verifyElementPropertyValue(response, "data[3].first_name", "Eve"): Verify element property value successfully

2023-07-13 00:30:47 - [MESSAGE][PASSED] - Verify element property value successfully]]></system-out>
         <system-err><![CDATA[]]></system-err>
      </testcase>
      <testcase name="Test Cases/Test Validation Get Single User" time="1.297" classname="Test Cases/Test Validation Get Single User" status="PASSED">
         <system-out><![CDATA[2023-07-13 00:30:47 - [TEST_CASE][PASSED] - Test Cases/Test Validation Get Single User: Test Cases/Test Validation Get Single User

2023-07-13 00:30:48 - [TEST_STEP][PASSED] - sendRequest(findTestObject("GET/GET Single User")): Send request successfully

2023-07-13 00:30:48 - [MESSAGE][INFO] - HAR: C:\Users\User\git\Katalon-ReqresAPI-Testing\Reports\20230713_003036\Regression Test\20230713_003037\requests\main\2.har

2023-07-13 00:30:48 - [MESSAGE][PASSED] - Send request successfully

2023-07-13 00:30:48 - [TEST_STEP][PASSED] - response = sendRequestAndVerify(findTestObject("GET/GET Single User")): Send request and verify the response successfully

2023-07-13 00:30:48 - [MESSAGE][INFO] - HAR: C:\Users\User\git\Katalon-ReqresAPI-Testing\Reports\20230713_003036\Regression Test\20230713_003037\requests\main\3.har

2023-07-13 00:30:48 - [TEST_CASE][PASSED] - Start Test Case : Verification: Verification accomplished successfully

2023-07-13 00:30:48 - [TEST_STEP][PASSED] - request = getInstance().getCurrentRequest(): null

2023-07-13 00:30:48 - [TEST_STEP][PASSED] - response = getInstance().getCurrentResponse(): null

2023-07-13 00:30:48 - [TEST_STEP][PASSED] - verifyResponseStatusCode(response, 200): Verify response status code successfully

2023-07-13 00:30:48 - [MESSAGE][PASSED] - Verify response status code successfully

2023-07-13 00:30:48 - [TEST_STEP][PASSED] - getStatusCode()).isEqualTo(200): null

2023-07-13 00:30:48 - [TEST_STEP][PASSED] - getStatusCode()).isIn(Arrays.asList(200, 201, 202)): null

2023-07-13 00:30:48 - [TEST_STEP][PASSED] - verifyElementPropertyValue(response, "data.email", "janet.weaver@reqres.in"): Verify element property value successfully

2023-07-13 00:30:49 - [MESSAGE][PASSED] - Verify element property value successfully

2023-07-13 00:30:49 - [MESSAGE][PASSED] - Verify response successfully

2023-07-13 00:30:49 - [MESSAGE][PASSED] - All validation steps have been passed

2023-07-13 00:30:49 - [MESSAGE][PASSED] - Send request and verify the response successfully

2023-07-13 00:30:49 - [TEST_STEP][PASSED] - verifyElementPropertyValue(response, "data.email", "janet.weaver@reqres.in"): Verify element property value successfully

2023-07-13 00:30:49 - [MESSAGE][PASSED] - Verify element property value successfully

2023-07-13 00:30:49 - [TEST_STEP][PASSED] - verifyResponseStatusCode(response, 200): Verify response status code successfully

2023-07-13 00:30:49 - [MESSAGE][PASSED] - Verify response status code successfully]]></system-out>
         <system-err><![CDATA[]]></system-err>
      </testcase>
      <testcase name="Test Cases/Test Validation Put Update" time="2.073" classname="Test Cases/Test Validation Put Update" status="PASSED">
         <system-out><![CDATA[2023-07-13 00:30:49 - [TEST_CASE][PASSED] - Test Cases/Test Validation Put Update: Test Cases/Test Validation Put Update

2023-07-13 00:30:49 - [TEST_STEP][PASSED] - sendRequest(findTestObject("PUT/PUT Update User")): Send request successfully

2023-07-13 00:30:50 - [MESSAGE][INFO] - HAR: C:\Users\User\git\Katalon-ReqresAPI-Testing\Reports\20230713_003036\Regression Test\20230713_003037\requests\main\4.har

2023-07-13 00:30:50 - [MESSAGE][PASSED] - Send request successfully

2023-07-13 00:30:50 - [TEST_STEP][PASSED] - response = sendRequestAndVerify(findTestObject("PUT/PUT Update User")): Send request and verify the response successfully

2023-07-13 00:30:50 - [MESSAGE][INFO] - HAR: C:\Users\User\git\Katalon-ReqresAPI-Testing\Reports\20230713_003036\Regression Test\20230713_003037\requests\main\5.har

2023-07-13 00:30:50 - [TEST_CASE][PASSED] - Start Test Case : Verification: Verification accomplished successfully

2023-07-13 00:30:51 - [TEST_STEP][PASSED] - request = getInstance().getCurrentRequest(): null

2023-07-13 00:30:51 - [TEST_STEP][PASSED] - response = getInstance().getCurrentResponse(): null

2023-07-13 00:30:51 - [TEST_STEP][PASSED] - verifyResponseStatusCode(response, 200): Verify response status code successfully

2023-07-13 00:30:51 - [MESSAGE][PASSED] - Verify response status code successfully

2023-07-13 00:30:51 - [TEST_STEP][PASSED] - getStatusCode()).isEqualTo(200): null

2023-07-13 00:30:51 - [TEST_STEP][PASSED] - getStatusCode()).isIn(Arrays.asList(200, 201, 204)): null

2023-07-13 00:30:51 - [MESSAGE][PASSED] - Verify response successfully

2023-07-13 00:30:51 - [MESSAGE][PASSED] - All validation steps have been passed

2023-07-13 00:30:51 - [MESSAGE][PASSED] - Send request and verify the response successfully

2023-07-13 00:30:51 - [TEST_STEP][PASSED] - verifyResponseStatusCode(response, 200): Verify response status code successfully

2023-07-13 00:30:51 - [MESSAGE][PASSED] - Verify response status code successfully]]></system-out>
         <system-err><![CDATA[]]></system-err>
      </testcase>
      <testcase name="Test Cases/Test Validation Post Register Success" time="2.147" classname="Test Cases/Test Validation Post Register Success" status="PASSED">
         <system-out><![CDATA[2023-07-13 00:30:51 - [TEST_CASE][PASSED] - Test Cases/Test Validation Post Register Success: Test Cases/Test Validation Post Register Success

2023-07-13 00:30:51 - [TEST_STEP][PASSED] - sendRequest(findTestObject("GET/GET Single User")): Send request successfully

2023-07-13 00:30:51 - [MESSAGE][INFO] - HAR: C:\Users\User\git\Katalon-ReqresAPI-Testing\Reports\20230713_003036\Regression Test\20230713_003037\requests\main\6.har

2023-07-13 00:30:51 - [MESSAGE][PASSED] - Send request successfully

2023-07-13 00:30:51 - [TEST_STEP][PASSED] - sendRequest(findTestObject("POST/POST Register Successful")): Send request successfully

2023-07-13 00:30:52 - [MESSAGE][INFO] - HAR: C:\Users\User\git\Katalon-ReqresAPI-Testing\Reports\20230713_003036\Regression Test\20230713_003037\requests\main\7.har

2023-07-13 00:30:52 - [MESSAGE][PASSED] - Send request successfully

2023-07-13 00:30:52 - [TEST_STEP][PASSED] - response = sendRequestAndVerify(findTestObject("POST/POST Register Successful")): Send request and verify the response successfully

2023-07-13 00:30:53 - [MESSAGE][INFO] - HAR: C:\Users\User\git\Katalon-ReqresAPI-Testing\Reports\20230713_003036\Regression Test\20230713_003037\requests\main\8.har

2023-07-13 00:30:53 - [TEST_CASE][PASSED] - Start Test Case : Verification: Verification accomplished successfully

2023-07-13 00:30:53 - [TEST_STEP][PASSED] - request = getInstance().getCurrentRequest(): null

2023-07-13 00:30:53 - [TEST_STEP][PASSED] - response = getInstance().getCurrentResponse(): null

2023-07-13 00:30:53 - [TEST_STEP][PASSED] - verifyResponseStatusCode(response, 200): Verify response status code successfully

2023-07-13 00:30:53 - [MESSAGE][PASSED] - Verify response status code successfully

2023-07-13 00:30:53 - [TEST_STEP][PASSED] - getStatusCode()).isEqualTo(200): null

2023-07-13 00:30:53 - [TEST_STEP][PASSED] - getStatusCode()).isIn(Arrays.asList(200, 201, 202)): null

2023-07-13 00:30:53 - [MESSAGE][PASSED] - Verify response successfully

2023-07-13 00:30:53 - [MESSAGE][PASSED] - All validation steps have been passed

2023-07-13 00:30:53 - [MESSAGE][PASSED] - Send request and verify the response successfully

2023-07-13 00:30:53 - [TEST_STEP][PASSED] - verifyResponseStatusCode(response, 200): Verify response status code successfully

2023-07-13 00:30:53 - [MESSAGE][PASSED] - Verify response status code successfully]]></system-out>
         <system-err><![CDATA[]]></system-err>
      </testcase>
      <system-out><![CDATA[2023-07-13 00:30:41 - [TEST_SUITE][PASSED] - Regression Test: Test Cases/Test Validation Post Register Success]]></system-out>
      <system-err><![CDATA[]]></system-err>
   </testsuite>
</testsuites>
